# JRE version: Java(TM) SE Runtime Environment (21.0.2+13) (build 21.0.2+13-LTS-58)
# Java VM: Java HotSpot(TM) 64-Bit Server VM (21.0.2+13-LTS-58, mixed mode, emulated-client, sharing, tiered, compressed oops, compressed class ptrs, g1 gc, windows-amd64)
GC Precious Log:
 CardTable entry size: 512
 Card Set container configuration: InlinePtr #cards 5 size 8 Array Of Cards #cards 12 size 40 Howl #buckets 4 coarsen threshold 1843 Howl Bitmap #cards 512 size 80 coarsen threshold 460 Card regions per heap region 1 cards per card region 2048
 CPUs: 4 total, 4 available
 Memory: 3522M
 Large Page Support: Disabled
 NUMA Support: Disabled
 Compressed Oops: Enabled (32-bit)
 Heap Region Size: 1M
 Heap Min Capacity: 8M
 Heap Initial Capacity: 56M
 Heap Max Capacity: 882M
 Pre-touch: Disabled
 Parallel Workers: 4
 Concurrent Workers: 1
 Concurrent Refinement Workers: 4
 Periodic GC: Disabled
Heap:
 garbage-first heap   total 57344K, used 30526K [0x00000000c8e00000, 0x0000000100000000)
  region size 1024K, 19 young (19456K), 4 survivors (4096K)
 Metaspace       used 27329K, committed 27776K, reserved 1114112K
  class space    used 3775K, committed 3968K, reserved 1048576K
GC Heap History (12 events):
Event: 1.219 GC heap before
{Heap before GC invocations=0 (full 0):
 garbage-first heap   total 57344K, used 13312K [0x00000000c8e00000, 0x0000000100000000)
  region size 1024K, 13 young (13312K), 0 survivors (0K)
 Metaspace       used 3572K, committed 3712K, reserved 1114112K
  class space    used 403K, committed 448K, reserved 1048576K
}
Event: 1.234 GC heap after
{Heap after GC invocations=1 (full 0):
 garbage-first heap   total 57344K, used 7168K [0x00000000c8e00000, 0x0000000100000000)
  region size 1024K, 2 young (2048K), 2 survivors (2048K)
 Metaspace       used 3572K, committed 3712K, reserved 1114112K
  class space    used 403K, committed 448K, reserved 1048576K
}
Event: 1.857 GC heap before
{Heap before GC invocations=1 (full 0):
 garbage-first heap   total 57344K, used 17408K [0x00000000c8e00000, 0x0000000100000000)
  region size 1024K, 12 young (12288K), 2 survivors (2048K)
 Metaspace       used 7691K, committed 7936K, reserved 1114112K
  class space    used 932K, committed 1024K, reserved 1048576K
}
Event: 1.864 GC heap after
{Heap after GC invocations=2 (full 0):
 garbage-first heap   total 57344K, used 8541K [0x00000000c8e00000, 0x0000000100000000)
  region size 1024K, 2 young (2048K), 2 survivors (2048K)
 Metaspace       used 7691K, committed 7936K, reserved 1114112K
  class space    used 932K, committed 1024K, reserved 1048576K
}
Event: 2.608 GC heap before
{Heap before GC invocations=2 (full 0):
 garbage-first heap   total 57344K, used 29021K [0x00000000c8e00000, 0x0000000100000000)
  region size 1024K, 23 young (23552K), 2 survivors (2048K)
 Metaspace       used 13300K, committed 13568K, reserved 1114112K
  class space    used 1751K, committed 1856K, reserved 1048576K
}
Event: 2.613 GC heap after
{Heap after GC invocations=3 (full 0):
 garbage-first heap   total 57344K, used 10213K [0x00000000c8e00000, 0x0000000100000000)
  region size 1024K, 3 young (3072K), 3 survivors (3072K)
 Metaspace       used 13300K, committed 13568K, reserved 1114112K
  class space    used 1751K, committed 1856K, reserved 1048576K
}
Event: 3.349 GC heap before
{Heap before GC invocations=3 (full 0):
 garbage-first heap   total 57344K, used 38885K [0x00000000c8e00000, 0x0000000100000000)
  region size 1024K, 32 young (32768K), 3 survivors (3072K)
 Metaspace       used 19379K, committed 19712K, reserved 1114112K
  class space    used 2541K, committed 2688K, reserved 1048576K
}
Event: 3.357 GC heap after
{Heap after GC invocations=4 (full 0):
 garbage-first heap   total 57344K, used 12987K [0x00000000c8e00000, 0x0000000100000000)
  region size 1024K, 4 young (4096K), 4 survivors (4096K)
 Metaspace       used 19379K, committed 19712K, reserved 1114112K
  class space    used 2541K, committed 2688K, reserved 1048576K
}
Event: 3.975 GC heap before
{Heap before GC invocations=4 (full 0):
 garbage-first heap   total 57344K, used 32443K [0x00000000c8e00000, 0x0000000100000000)
  region size 1024K, 25 young (25600K), 4 survivors (4096K)
 Metaspace       used 21198K, committed 21504K, reserved 1114112K
  class space    used 2803K, committed 2944K, reserved 1048576K
}
Event: 3.986 GC heap after
{Heap after GC invocations=5 (full 0):
 garbage-first heap   total 57344K, used 15287K [0x00000000c8e00000, 0x0000000100000000)
  region size 1024K, 3 young (3072K), 3 survivors (3072K)
 Metaspace       used 21198K, committed 21504K, reserved 1114112K
  class space    used 2803K, committed 2944K, reserved 1048576K
}
Event: 4.805 GC heap before
{Heap before GC invocations=6 (full 0):
 garbage-first heap   total 57344K, used 42935K [0x00000000c8e00000, 0x0000000100000000)
  region size 1024K, 30 young (30720K), 3 survivors (3072K)
 Metaspace       used 25486K, committed 25920K, reserved 1114112K
  class space    used 3457K, committed 3648K, reserved 1048576K
}
Event: 4.814 GC heap after
{Heap after GC invocations=7 (full 0):
 garbage-first heap   total 57344K, used 17214K [0x00000000c8e00000, 0x0000000100000000)
  region size 1024K, 4 young (4096K), 4 survivors (4096K)
 Metaspace       used 25486K, committed 25920K, reserved 1114112K
  class space    used 3457K, committed 3648K, reserved 1048576K
}

