# JRE version: Java(TM) SE Runtime Environment (21.0.2+13) (build 21.0.2+13-LTS-58)
# Java VM: Java HotSpot(TM) 64-Bit Server VM (21.0.2+13-LTS-58, mixed mode, emulated-client, sharing, tiered, compressed oops, compressed class ptrs, g1 gc, windows-amd64)
GC Precious Log:
 CardTable entry size: 512
 Card Set container configuration: InlinePtr #cards 5 size 8 Array Of Cards #cards 12 size 40 Howl #buckets 4 coarsen threshold 1843 Howl Bitmap #cards 512 size 80 coarsen threshold 460 Card regions per heap region 1 cards per card region 2048
 CPUs: 4 total, 4 available
 Memory: 3522M
 Large Page Support: Disabled
 NUMA Support: Disabled
 Compressed Oops: Enabled (32-bit)
 Heap Region Size: 1M
 Heap Min Capacity: 8M
 Heap Initial Capacity: 56M
 Heap Max Capacity: 882M
 Pre-touch: Disabled
 Parallel Workers: 4
 Concurrent Workers: 1
 Concurrent Refinement Workers: 4
 Periodic GC: Disabled
Heap:
 garbage-first heap   total 51200K, used 33082K [0x00000000c8e00000, 0x0000000100000000)
  region size 1024K, 21 young (21504K), 4 survivors (4096K)
 Metaspace       used 27733K, committed 28224K, reserved 1114112K
  class space    used 3837K, committed 4032K, reserved 1048576K
GC Heap History (12 events):
Event: 1.152 GC heap before
{Heap before GC invocations=0 (full 0):
 garbage-first heap   total 57344K, used 13312K [0x00000000c8e00000, 0x0000000100000000)
  region size 1024K, 13 young (13312K), 0 survivors (0K)
 Metaspace       used 4112K, committed 4224K, reserved 1114112K
  class space    used 481K, committed 512K, reserved 1048576K
}
Event: 1.165 GC heap after
{Heap after GC invocations=1 (full 0):
 garbage-first heap   total 57344K, used 6400K [0x00000000c8e00000, 0x0000000100000000)
  region size 1024K, 2 young (2048K), 2 survivors (2048K)
 Metaspace       used 4112K, committed 4224K, reserved 1114112K
  class space    used 481K, committed 512K, reserved 1048576K
}
Event: 2.058 GC heap before
{Heap before GC invocations=1 (full 0):
 garbage-first heap   total 57344K, used 18688K [0x00000000c8e00000, 0x0000000100000000)
  region size 1024K, 15 young (15360K), 2 survivors (2048K)
 Metaspace       used 8979K, committed 9280K, reserved 1114112K
  class space    used 1123K, committed 1280K, reserved 1048576K
}
Event: 2.068 GC heap after
{Heap after GC invocations=2 (full 0):
 garbage-first heap   total 57344K, used 8437K [0x00000000c8e00000, 0x0000000100000000)
  region size 1024K, 2 young (2048K), 2 survivors (2048K)
 Metaspace       used 8979K, committed 9280K, reserved 1114112K
  class space    used 1123K, committed 1280K, reserved 1048576K
}
Event: 2.942 GC heap before
{Heap before GC invocations=2 (full 0):
 garbage-first heap   total 57344K, used 30965K [0x00000000c8e00000, 0x0000000100000000)
  region size 1024K, 25 young (25600K), 2 survivors (2048K)
 Metaspace       used 14935K, committed 15296K, reserved 1114112K
  class space    used 1951K, committed 2112K, reserved 1048576K
}
Event: 2.949 GC heap after
{Heap after GC invocations=3 (full 0):
 garbage-first heap   total 57344K, used 10157K [0x00000000c8e00000, 0x0000000100000000)
  region size 1024K, 4 young (4096K), 4 survivors (4096K)
 Metaspace       used 14935K, committed 15296K, reserved 1114112K
  class space    used 1951K, committed 2112K, reserved 1048576K
}
Event: 3.532 GC heap before
{Heap before GC invocations=3 (full 0):
 garbage-first heap   total 57344K, used 38829K [0x00000000c8e00000, 0x0000000100000000)
  region size 1024K, 33 young (33792K), 4 survivors (4096K)
 Metaspace       used 20633K, committed 20992K, reserved 1114112K
  class space    used 2711K, committed 2880K, reserved 1048576K
}
Event: 3.544 GC heap after
{Heap after GC invocations=4 (full 0):
 garbage-first heap   total 57344K, used 13475K [0x00000000c8e00000, 0x0000000100000000)
  region size 1024K, 5 young (5120K), 5 survivors (5120K)
 Metaspace       used 20633K, committed 20992K, reserved 1114112K
  class space    used 2711K, committed 2880K, reserved 1048576K
}
Event: 3.830 GC heap before
{Heap before GC invocations=4 (full 0):
 garbage-first heap   total 57344K, used 21667K [0x00000000c8e00000, 0x0000000100000000)
  region size 1024K, 14 young (14336K), 5 survivors (5120K)
 Metaspace       used 21207K, committed 21504K, reserved 1114112K
  class space    used 2807K, committed 2944K, reserved 1048576K
}
Event: 3.843 GC heap after
{Heap after GC invocations=5 (full 0):
 garbage-first heap   total 57344K, used 14163K [0x00000000c8e00000, 0x0000000100000000)
  region size 1024K, 1 young (1024K), 1 survivors (1024K)
 Metaspace       used 21207K, committed 21504K, reserved 1114112K
  class space    used 2807K, committed 2944K, reserved 1048576K
}
Event: 4.962 GC heap before
{Heap before GC invocations=6 (full 0):
 garbage-first heap   total 51200K, used 42835K [0x00000000c8e00000, 0x0000000100000000)
  region size 1024K, 30 young (30720K), 1 survivors (1024K)
 Metaspace       used 24950K, committed 25472K, reserved 1114112K
  class space    used 3384K, committed 3648K, reserved 1048576K
}
Event: 4.973 GC heap after
{Heap after GC invocations=7 (full 0):
 garbage-first heap   total 51200K, used 16698K [0x00000000c8e00000, 0x0000000100000000)
  region size 1024K, 4 young (4096K), 4 survivors (4096K)
 Metaspace       used 24950K, committed 25472K, reserved 1114112K
  class space    used 3384K, committed 3648K, reserved 1048576K
}

