# JRE version: Java(TM) SE Runtime Environment (21.0.2+13) (build 21.0.2+13-LTS-58)
# Java VM: Java HotSpot(TM) 64-Bit Server VM (21.0.2+13-LTS-58, mixed mode, emulated-client, sharing, tiered, compressed oops, compressed class ptrs, g1 gc, windows-amd64)
GC Precious Log:
 CardTable entry size: 512
 Card Set container configuration: InlinePtr #cards 5 size 8 Array Of Cards #cards 12 size 40 Howl #buckets 4 coarsen threshold 1843 Howl Bitmap #cards 512 size 80 coarsen threshold 460 Card regions per heap region 1 cards per card region 2048
 CPUs: 4 total, 4 available
 Memory: 3522M
 Large Page Support: Disabled
 NUMA Support: Disabled
 Compressed Oops: Enabled (32-bit)
 Heap Region Size: 1M
 Heap Min Capacity: 8M
 Heap Initial Capacity: 56M
 Heap Max Capacity: 882M
 Pre-touch: Disabled
 Parallel Workers: 4
 Concurrent Workers: 1
 Concurrent Refinement Workers: 4
 Periodic GC: Disabled
Heap:
 garbage-first heap   total 57344K, used 44788K [0x00000000c8e00000, 0x0000000100000000)
  region size 1024K, 29 young (29696K), 3 survivors (3072K)
 Metaspace       used 34241K, committed 34880K, reserved 1114112K
  class space    used 4733K, committed 5056K, reserved 1048576K
GC Heap History (14 events):
Event: 0.939 GC heap before
{Heap before GC invocations=0 (full 0):
 garbage-first heap   total 57344K, used 14336K [0x00000000c8e00000, 0x0000000100000000)
  region size 1024K, 13 young (13312K), 0 survivors (0K)
 Metaspace       used 4039K, committed 4160K, reserved 1114112K
  class space    used 470K, committed 512K, reserved 1048576K
}
Event: 0.948 GC heap after
{Heap after GC invocations=1 (full 0):
 garbage-first heap   total 57344K, used 6336K [0x00000000c8e00000, 0x0000000100000000)
  region size 1024K, 2 young (2048K), 2 survivors (2048K)
 Metaspace       used 4039K, committed 4160K, reserved 1114112K
  class space    used 470K, committed 512K, reserved 1048576K
}
Event: 1.605 GC heap before
{Heap before GC invocations=1 (full 0):
 garbage-first heap   total 57344K, used 19648K [0x00000000c8e00000, 0x0000000100000000)
  region size 1024K, 15 young (15360K), 2 survivors (2048K)
 Metaspace       used 8642K, committed 8896K, reserved 1114112K
  class space    used 1074K, committed 1216K, reserved 1048576K
}
Event: 1.616 GC heap after
{Heap after GC invocations=2 (full 0):
 garbage-first heap   total 57344K, used 8297K [0x00000000c8e00000, 0x0000000100000000)
  region size 1024K, 2 young (2048K), 2 survivors (2048K)
 Metaspace       used 8642K, committed 8896K, reserved 1114112K
  class space    used 1074K, committed 1216K, reserved 1048576K
}
Event: 2.626 GC heap before
{Heap before GC invocations=2 (full 0):
 garbage-first heap   total 57344K, used 30825K [0x00000000c8e00000, 0x0000000100000000)
  region size 1024K, 25 young (25600K), 2 survivors (2048K)
 Metaspace       used 14587K, committed 14912K, reserved 1114112K
  class space    used 1909K, committed 2048K, reserved 1048576K
}
Event: 2.632 GC heap after
{Heap after GC invocations=3 (full 0):
 garbage-first heap   total 57344K, used 9887K [0x00000000c8e00000, 0x0000000100000000)
  region size 1024K, 4 young (4096K), 4 survivors (4096K)
 Metaspace       used 14587K, committed 14912K, reserved 1114112K
  class space    used 1909K, committed 2048K, reserved 1048576K
}
Event: 3.269 GC heap before
{Heap before GC invocations=3 (full 0):
 garbage-first heap   total 57344K, used 38559K [0x00000000c8e00000, 0x0000000100000000)
  region size 1024K, 33 young (33792K), 4 survivors (4096K)
 Metaspace       used 20427K, committed 20736K, reserved 1114112K
  class space    used 2684K, committed 2816K, reserved 1048576K
}
Event: 3.280 GC heap after
{Heap after GC invocations=4 (full 0):
 garbage-first heap   total 57344K, used 13286K [0x00000000c8e00000, 0x0000000100000000)
  region size 1024K, 5 young (5120K), 5 survivors (5120K)
 Metaspace       used 20427K, committed 20736K, reserved 1114112K
  class space    used 2684K, committed 2816K, reserved 1048576K
}
Event: 3.593 GC heap before
{Heap before GC invocations=4 (full 0):
 garbage-first heap   total 57344K, used 23526K [0x00000000c8e00000, 0x0000000100000000)
  region size 1024K, 16 young (16384K), 5 survivors (5120K)
 Metaspace       used 21203K, committed 21504K, reserved 1114112K
  class space    used 2807K, committed 2944K, reserved 1048576K
}
Event: 3.606 GC heap after
{Heap after GC invocations=5 (full 0):
 garbage-first heap   total 57344K, used 14115K [0x00000000c8e00000, 0x0000000100000000)
  region size 1024K, 2 young (2048K), 2 survivors (2048K)
 Metaspace       used 21203K, committed 21504K, reserved 1114112K
  class space    used 2807K, committed 2944K, reserved 1048576K
}
Event: 4.426 GC heap before
{Heap before GC invocations=6 (full 0):
 garbage-first heap   total 57344K, used 41763K [0x00000000c8e00000, 0x0000000100000000)
  region size 1024K, 30 young (30720K), 2 survivors (2048K)
 Metaspace       used 24624K, committed 25152K, reserved 1114112K
  class space    used 3340K, committed 3584K, reserved 1048576K
}
Event: 4.434 GC heap after
{Heap after GC invocations=7 (full 0):
 garbage-first heap   total 57344K, used 16487K [0x00000000c8e00000, 0x0000000100000000)
  region size 1024K, 4 young (4096K), 4 survivors (4096K)
 Metaspace       used 24624K, committed 25152K, reserved 1114112K
  class space    used 3340K, committed 3584K, reserved 1048576K
}
Event: 5.083 GC heap before
{Heap before GC invocations=7 (full 0):
 garbage-first heap   total 57344K, used 45159K [0x00000000c8e00000, 0x0000000100000000)
  region size 1024K, 32 young (32768K), 4 survivors (4096K)
 Metaspace       used 29281K, committed 29824K, reserved 1114112K
  class space    used 4012K, committed 4224K, reserved 1048576K
}
Event: 5.100 GC heap after
{Heap after GC invocations=8 (full 0):
 garbage-first heap   total 57344K, used 19188K [0x00000000c8e00000, 0x0000000100000000)
  region size 1024K, 3 young (3072K), 3 survivors (3072K)
 Metaspace       used 29281K, committed 29824K, reserved 1114112K
  class space    used 4012K, committed 4224K, reserved 1048576K
}

